Using pre-set license
Built from '2021.3/evg/staging/82bb020e-b03b1330/draft-0' branch; Version is '2021.3.16f1 (4016570cf34f) revision 4200023'; Using compiler version '192829333'; Build Type 'Release'
OS: 'Windows 10  (10.0.19045) 64bit Core' Language: 'ko' Physical Memory: 32694 MB
BatchMode: 1, IsHumanControllingUs: 0, StartBugReporterOnCrash: 0, Is64bit: 1, IsPro: 1

COMMAND LINE ARGUMENTS:
C:\Program Files\Unity\Hub\Editor\2021.3.16f1\Editor\Unity.exe
-adb2
-batchMode
-noUpm
-name
AssetImportWorker1
-projectPath
C:/Users/user/Documents/unity_repos/Rebel-Robo
-logFile
Logs/AssetImportWorker1.log
-srvPort
62225
Successfully changed project path to: C:/Users/user/Documents/unity_repos/Rebel-Robo
C:/Users/user/Documents/unity_repos/Rebel-Robo
[UnityMemory] Configuration Parameters - Can be set up in boot.config
    "memorysetup-bucket-allocator-granularity=16"
    "memorysetup-bucket-allocator-bucket-count=8"
    "memorysetup-bucket-allocator-block-size=33554432"
    "memorysetup-bucket-allocator-block-count=8"
    "memorysetup-main-allocator-block-size=16777216"
    "memorysetup-thread-allocator-block-size=16777216"
    "memorysetup-gfx-main-allocator-block-size=16777216"
    "memorysetup-gfx-thread-allocator-block-size=16777216"
    "memorysetup-cache-allocator-block-size=4194304"
    "memorysetup-typetree-allocator-block-size=2097152"
    "memorysetup-profiler-bucket-allocator-granularity=16"
    "memorysetup-profiler-bucket-allocator-bucket-count=8"
    "memorysetup-profiler-bucket-allocator-block-size=33554432"
    "memorysetup-profiler-bucket-allocator-block-count=8"
    "memorysetup-profiler-allocator-block-size=16777216"
    "memorysetup-profiler-editor-allocator-block-size=1048576"
    "memorysetup-temp-allocator-size-main=16777216"
    "memorysetup-job-temp-allocator-block-size=2097152"
    "memorysetup-job-temp-allocator-block-size-background=1048576"
    "memorysetup-job-temp-allocator-reduction-small-platforms=262144"
    "memorysetup-temp-allocator-size-background-worker=32768"
    "memorysetup-temp-allocator-size-job-worker=262144"
    "memorysetup-temp-allocator-size-preload-manager=33554432"
    "memorysetup-temp-allocator-size-nav-mesh-worker=65536"
    "memorysetup-temp-allocator-size-audio-worker=65536"
    "memorysetup-temp-allocator-size-cloud-worker=32768"
    "memorysetup-temp-allocator-size-gi-baking-worker=262144"
    "memorysetup-temp-allocator-size-gfx=262144"
Player connection [46852] Host "[IP] 192.168.45.60 [Port] 0 [Flags] 2 [Guid] 2845490980 [EditorId] 2845490980 [Version] 1048832 [Id] WindowsEditor(7,DESKTOP-I3K4R6T) [Debug] 1 [PackageName] WindowsEditor [ProjectName] Editor" joined multi-casting on [225.0.0.222:54997]...

Player connection [46852] Host "[IP] 192.168.45.60 [Port] 0 [Flags] 2 [Guid] 2845490980 [EditorId] 2845490980 [Version] 1048832 [Id] WindowsEditor(7,DESKTOP-I3K4R6T) [Debug] 1 [PackageName] WindowsEditor [ProjectName] Editor" joined alternative multi-casting on [225.0.0.222:34997]...

Refreshing native plugins compatible for Editor in 77.72 ms, found 3 plugins.
Preloading 0 native plugins for Editor in 0.00 ms.
Initialize engine version: 2021.3.16f1 (4016570cf34f)
[Subsystems] Discovering subsystems at path C:/Program Files/Unity/Hub/Editor/2021.3.16f1/Editor/Data/Resources/UnitySubsystems
[Subsystems] Discovering subsystems at path C:/Users/user/Documents/unity_repos/Rebel-Robo/Assets
GfxDevice: creating device client; threaded=0; jobified=0
Direct3D:
    Version:  Direct3D 11.0 [level 11.1]
    Renderer: NVIDIA GeForce RTX 3060 (ID=0x2504)
    Vendor:   NVIDIA
    VRAM:     12142 MB
    Driver:   31.0.15.1694
Initialize mono
Mono path[0] = 'C:/Program Files/Unity/Hub/Editor/2021.3.16f1/Editor/Data/Managed'
Mono path[1] = 'C:/Program Files/Unity/Hub/Editor/2021.3.16f1/Editor/Data/MonoBleedingEdge/lib/mono/unityjit-win32'
Mono config path = 'C:/Program Files/Unity/Hub/Editor/2021.3.16f1/Editor/Data/MonoBleedingEdge/etc'
Using monoOptions --debugger-agent=transport=dt_socket,embedding=1,server=y,suspend=n,address=127.0.0.1:56856
Begin MonoManager ReloadAssembly
Registering precompiled unity dll's ...
Register platform support module: C:/Program Files/Unity/Hub/Editor/2021.3.16f1/Editor/Data/PlaybackEngines/WindowsStandaloneSupport/UnityEditor.WindowsStandalone.Extensions.dll
Registered in 0.007961 seconds.
Native extension for WindowsStandalone target not found
Refreshing native plugins compatible for Editor in 74.56 ms, found 3 plugins.
Preloading 0 native plugins for Editor in 0.00 ms.
Mono: successfully reloaded assembly
- Completed reload, in  0.501 seconds
Domain Reload Profiling:
	ReloadAssembly (501ms)
		BeginReloadAssembly (67ms)
			ExecutionOrderSort (0ms)
			DisableScriptedObjects (0ms)
			BackupInstance (0ms)
			ReleaseScriptingObjects (0ms)
			CreateAndSetChildDomain (1ms)
		EndReloadAssembly (344ms)
			LoadAssemblies (64ms)
			RebuildTransferFunctionScriptingTraits (0ms)
			SetupTypeCache (73ms)
			ReleaseScriptCaches (0ms)
			RebuildScriptCaches (19ms)
			SetupLoadedEditorAssemblies (209ms)
				LogAssemblyErrors (0ms)
				InitializePlatformSupportModulesInManaged (8ms)
				SetLoadedEditorAssemblies (0ms)
				RefreshPlugins (75ms)
				BeforeProcessingInitializeOnLoad (1ms)
				ProcessInitializeOnLoadAttributes (88ms)
				ProcessInitializeOnLoadMethodAttributes (38ms)
				AfterProcessingInitializeOnLoad (0ms)
				EditorAssembliesLoaded (0ms)
			ExecutionOrderSort2 (0ms)
			AwakeInstancesAfterBackupRestoration (0ms)
Platform modules already initialized, skipping
Registering precompiled user dll's ...
Registered in 0.009660 seconds.
Begin MonoManager ReloadAssembly
Symbol file LoadedFromMemory doesn't match image C:\Users\user\Documents\unity_repos\Rebel-Robo\Library\PackageCache\com.unity.visualscripting@1.7.8\Editor\VisualScripting.Core\Dependencies\YamlDotNet\Unity.VisualScripting.YamlDotNet.dll
Symbol file LoadedFromMemory doesn't match image C:\Users\user\Documents\unity_repos\Rebel-Robo\Library\PackageCache\com.unity.visualscripting@1.7.8\Editor\VisualScripting.Core\Dependencies\DotNetZip\Unity.VisualScripting.IonicZip.dll
Native extension for WindowsStandalone target not found
Refreshing native plugins compatible for Editor in 72.11 ms, found 3 plugins.
Preloading 0 native plugins for Editor in 0.00 ms.
Mono: successfully reloaded assembly
- Completed reload, in  1.047 seconds
Domain Reload Profiling:
	ReloadAssembly (1048ms)
		BeginReloadAssembly (100ms)
			ExecutionOrderSort (0ms)
			DisableScriptedObjects (4ms)
			BackupInstance (0ms)
			ReleaseScriptingObjects (0ms)
			CreateAndSetChildDomain (17ms)
		EndReloadAssembly (851ms)
			LoadAssemblies (90ms)
			RebuildTransferFunctionScriptingTraits (0ms)
			SetupTypeCache (200ms)
			ReleaseScriptCaches (1ms)
			RebuildScriptCaches (44ms)
			SetupLoadedEditorAssemblies (482ms)
				LogAssemblyErrors (0ms)
				InitializePlatformSupportModulesInManaged (4ms)
				SetLoadedEditorAssemblies (0ms)
				RefreshPlugins (72ms)
				BeforeProcessingInitializeOnLoad (90ms)
				ProcessInitializeOnLoadAttributes (286ms)
				ProcessInitializeOnLoadMethodAttributes (17ms)
				AfterProcessingInitializeOnLoad (12ms)
				EditorAssembliesLoaded (0ms)
			ExecutionOrderSort2 (0ms)
			AwakeInstancesAfterBackupRestoration (9ms)
Platform modules already initialized, skipping
========================================================================
Worker process is ready to serve import requests
Launched and connected shader compiler UnityShaderCompiler.exe after 0.05 seconds
Refreshing native plugins compatible for Editor in 0.87 ms, found 3 plugins.
Preloading 0 native plugins for Editor in 0.00 ms.
Unloading 4735 Unused Serialized files (Serialized files now loaded: 0)
Unloading 29 unused Assets / (111.5 KB). Loaded Objects now: 5210.
Memory consumption went from 171.1 MB to 171.0 MB.
Total: 3.411000 ms (FindLiveObjects: 0.305700 ms CreateObjectMapping: 0.211600 ms MarkObjects: 2.794100 ms  DeleteObjects: 0.098600 ms)

AssetImportParameters requested are different than current active one (requested -> active):
  custom:video-decoder-ogg-theora: a1e56fd34408186e4bbccfd4996cb3dc -> 
  custom:container-muxer-webm: aa71ff27fc2769a1b78a27578f13a17b -> 
  custom:container-demuxer-webm: 4f35f7cbe854078d1ac9338744f61a02 -> 
  custom:video-encoder-webm-vp8: eb34c28f22e8b96e1ab97ce403110664 -> 
  custom:video-codec-MediaFoundation-h265: 746d11721c4dcdbdad8f713fa42b33f4 -> 
  custom:audio-encoder-webm-vorbis: bf7c407c2cedff20999df2af8eb42d56 -> 
  custom:framework-win-MediaFoundation: 216162199b28c13a410421893ffa2e32 -> 
  custom:container-demuxer-ogg: 62fdf1f143b41e24485cea50d1cbac27 -> 
  custom:video-decoder-webm-vp8: 9c59270c3fd7afecdb556c50c9e8de78 -> 
  custom:audio-decoder-ogg-vorbis: bf7c407c2cedff20999df2af8eb42d56 -> 
========================================================================
Received Import Request.
  Time since last request: 59755.551872 seconds.
  path: Assets/Materials/Tile.mat
  artifactKey: Guid(fc287162d28f8d1459df27d3f920bf64) Importer(815301076,1909f56bfc062723c751e8b465ee728b)
Start importing Assets/Materials/Tile.mat using Guid(fc287162d28f8d1459df27d3f920bf64) Importer(815301076,1909f56bfc062723c751e8b465ee728b)  -> (artifact id: 'ececeb2ea6a136a7abee9721726049f5') in 0.108739 seconds 
========================================================================
Received Import Request.
  Time since last request: 0.000016 seconds.
  path: Assets/Model/FlameTower2.fbx
  artifactKey: Guid(b8a7f69d3b5505b4691400dae6b4b605) Importer(815301076,1909f56bfc062723c751e8b465ee728b)
Start importing Assets/Model/FlameTower2.fbx using Guid(b8a7f69d3b5505b4691400dae6b4b605) Importer(815301076,1909f56bfc062723c751e8b465ee728b)  -> (artifact id: '5313fe2be0db028e39124531f34275d1') in 0.092314 seconds 
========================================================================
Received Import Request.
  Time since last request: 0.000017 seconds.
  path: Assets/Materials/Glass.mat
  artifactKey: Guid(e30db08028293df4dac13168f6af9f51) Importer(815301076,1909f56bfc062723c751e8b465ee728b)
Start importing Assets/Materials/Glass.mat using Guid(e30db08028293df4dac13168f6af9f51) Importer(815301076,1909f56bfc062723c751e8b465ee728b)  -> (artifact id: '4c2a86554a1f5c361f9afde03e1365a3') in 0.014789 seconds 
========================================================================
Received Import Request.
  Time since last request: 0.000028 seconds.
  path: Assets/Model/barricade.fbx
  artifactKey: Guid(d9c7b6dfc71268746b677556c073bd8e) Importer(815301076,1909f56bfc062723c751e8b465ee728b)
Start importing Assets/Model/barricade.fbx using Guid(d9c7b6dfc71268746b677556c073bd8e) Importer(815301076,1909f56bfc062723c751e8b465ee728b)  -> (artifact id: '75926427b523848b30c3cebac709d1ab') in 0.013496 seconds 
========================================================================
Received Import Request.
  Time since last request: 42.829997 seconds.
  path: Assets/UI_robo/shopbutton - Copy.png
  artifactKey: Guid(9c07386299a6b274195ad250a1129bd7) Importer(815301076,1909f56bfc062723c751e8b465ee728b)
Start importing Assets/UI_robo/shopbutton - Copy.png using Guid(9c07386299a6b274195ad250a1129bd7) Importer(815301076,1909f56bfc062723c751e8b465ee728b)  -> (artifact id: '06811e7f4004d70ff9eec6a73508810a') in 0.041825 seconds 
========================================================================
Received Import Request.
  Time since last request: 0.000014 seconds.
  path: Assets/Sprites/inGameIMG/ShotZone.png
  artifactKey: Guid(f847fa13efcf1cf4d98dac9ea7978240) Importer(815301076,1909f56bfc062723c751e8b465ee728b)
Start importing Assets/Sprites/inGameIMG/ShotZone.png using Guid(f847fa13efcf1cf4d98dac9ea7978240) Importer(815301076,1909f56bfc062723c751e8b465ee728b)  -> (artifact id: 'ee142ca1d4a7902d3e7ade4d9530e01c') in 0.020371 seconds 
========================================================================
Received Import Request.
  Time since last request: 0.000015 seconds.
  path: Assets/UI_robo/shopwindow - Copy.png
  artifactKey: Guid(eb17b968850af104e82f50019a393420) Importer(815301076,1909f56bfc062723c751e8b465ee728b)
Start importing Assets/UI_robo/shopwindow - Copy.png using Guid(eb17b968850af104e82f50019a393420) Importer(815301076,1909f56bfc062723c751e8b465ee728b)  -> (artifact id: '70b8c762a3ee346972c160c5c27f743e') in 0.035870 seconds 
========================================================================
Received Import Request.
  Time since last request: 0.000016 seconds.
  path: Assets/UI_robo/shopbutton 1 - Copy.png
  artifactKey: Guid(94712a4c57cd17a4aaa1e6f636676bf1) Importer(815301076,1909f56bfc062723c751e8b465ee728b)
Start importing Assets/UI_robo/shopbutton 1 - Copy.png using Guid(94712a4c57cd17a4aaa1e6f636676bf1) Importer(815301076,1909f56bfc062723c751e8b465ee728b)  -> (artifact id: 'd117d511f6e91f6083997b9524bc0607') in 0.021916 seconds 
========================================================================
Received Import Request.
  Time since last request: 43.432698 seconds.
  path: Assets/UI_robo/askequip.png
  artifactKey: Guid(008603e7b13c84c45b6f0cb2926280ce) Importer(815301076,1909f56bfc062723c751e8b465ee728b)
Start importing Assets/UI_robo/askequip.png using Guid(008603e7b13c84c45b6f0cb2926280ce) Importer(815301076,1909f56bfc062723c751e8b465ee728b)  -> (artifact id: 'a77e3964911f9f552a880e35c138d875') in 0.023935 seconds 
========================================================================
Received Import Request.
  Time since last request: 0.000018 seconds.
  path: Assets/UI_robo/catalogue4.png
  artifactKey: Guid(1846cf60d222b504d95dfcd35853c372) Importer(815301076,1909f56bfc062723c751e8b465ee728b)
Start importing Assets/UI_robo/catalogue4.png using Guid(1846cf60d222b504d95dfcd35853c372) Importer(815301076,1909f56bfc062723c751e8b465ee728b)  -> (artifact id: '581ff4a4cdcba2abe561ce8464c7214d') in 0.036740 seconds 
========================================================================
Received Import Request.
  Time since last request: 0.000024 seconds.
  path: Assets/UI_robo/buy.png
  artifactKey: Guid(f2ff1122766d21647a3995fa4e4130d4) Importer(815301076,1909f56bfc062723c751e8b465ee728b)
Start importing Assets/UI_robo/buy.png using Guid(f2ff1122766d21647a3995fa4e4130d4) Importer(815301076,1909f56bfc062723c751e8b465ee728b)  -> (artifact id: '66ab62a7f5c1d5bb288f2e0ccb5dfdfe') in 0.036985 seconds 
========================================================================
Received Import Request.
  Time since last request: 0.000015 seconds.
  path: Assets/UI_robo/catalogue1.png
  artifactKey: Guid(1e033c41bab34184dbbd51dc0a320c7f) Importer(815301076,1909f56bfc062723c751e8b465ee728b)
Start importing Assets/UI_robo/catalogue1.png using Guid(1e033c41bab34184dbbd51dc0a320c7f) Importer(815301076,1909f56bfc062723c751e8b465ee728b)  -> (artifact id: '2d52f0a0a136258d5ccfc11c556a13f7') in 0.028338 seconds 
========================================================================
Received Import Request.
  Time since last request: 0.000014 seconds.
  path: Assets/UI_robo/cencel.png
  artifactKey: Guid(12d2111103074cb488e937519921d0b6) Importer(815301076,1909f56bfc062723c751e8b465ee728b)
Start importing Assets/UI_robo/cencel.png using Guid(12d2111103074cb488e937519921d0b6) Importer(815301076,1909f56bfc062723c751e8b465ee728b)  -> (artifact id: '337eafe1cc3beba03568e90a798fc983') in 0.047373 seconds 
========================================================================
Received Import Request.
  Time since last request: 30.836879 seconds.
  path: Assets/Image/tower2d1.PNG
  artifactKey: Guid(842685ef85466ee41a24ba6232d1039a) Importer(815301076,1909f56bfc062723c751e8b465ee728b)
Start importing Assets/Image/tower2d1.PNG using Guid(842685ef85466ee41a24ba6232d1039a) Importer(815301076,1909f56bfc062723c751e8b465ee728b)  -> (artifact id: 'e4b59c6b7668834d641ccb94d4d09dda') in 0.016709 seconds 
========================================================================
Received Import Request.
  Time since last request: 0.000022 seconds.
  path: Assets/Image/tower2d2.PNG.png
  artifactKey: Guid(73c8ab0a69cab4048b51003a10376ff1) Importer(815301076,1909f56bfc062723c751e8b465ee728b)
Start importing Assets/Image/tower2d2.PNG.png using Guid(73c8ab0a69cab4048b51003a10376ff1) Importer(815301076,1909f56bfc062723c751e8b465ee728b)  -> (artifact id: '7720dc0836333ce8a54b8fde916c6e32') in 0.010844 seconds 
========================================================================
Received Import Request.
  Time since last request: 8.843202 seconds.
  path: Assets/Image/tower2d1.PNG
  artifactKey: Guid(842685ef85466ee41a24ba6232d1039a) Importer(815301076,1909f56bfc062723c751e8b465ee728b)
Start importing Assets/Image/tower2d1.PNG using Guid(842685ef85466ee41a24ba6232d1039a) Importer(815301076,1909f56bfc062723c751e8b465ee728b)  -> (artifact id: '41f80629bf93314532b8de31dee40463') in 0.020074 seconds 
========================================================================
Received Import Request.
  Time since last request: 0.000021 seconds.
  path: Assets/Image/tower2d2.PNG.png
  artifactKey: Guid(73c8ab0a69cab4048b51003a10376ff1) Importer(815301076,1909f56bfc062723c751e8b465ee728b)
Start importing Assets/Image/tower2d2.PNG.png using Guid(73c8ab0a69cab4048b51003a10376ff1) Importer(815301076,1909f56bfc062723c751e8b465ee728b)  -> (artifact id: '5b384e10c1a45a3ae380c56b22b12de7') in 0.012647 seconds 
========================================================================
Received Import Request.
  Time since last request: 1.610334 seconds.
  path: Assets/Image/tower2d1.PNG
  artifactKey: Guid(842685ef85466ee41a24ba6232d1039a) Importer(815301076,1909f56bfc062723c751e8b465ee728b)
Start importing Assets/Image/tower2d1.PNG using Guid(842685ef85466ee41a24ba6232d1039a) Importer(815301076,1909f56bfc062723c751e8b465ee728b)  -> (artifact id: 'b4852277c8864ce4b7c245817c1e4739') in 0.014036 seconds 
========================================================================
Received Import Request.
  Time since last request: 0.000019 seconds.
  path: Assets/Image/tower2d2.PNG.png
  artifactKey: Guid(73c8ab0a69cab4048b51003a10376ff1) Importer(815301076,1909f56bfc062723c751e8b465ee728b)
Start importing Assets/Image/tower2d2.PNG.png using Guid(73c8ab0a69cab4048b51003a10376ff1) Importer(815301076,1909f56bfc062723c751e8b465ee728b)  -> (artifact id: '47063094f97249ed05e1287b4303a97a') in 0.012037 seconds 
========================================================================
Received Import Request.
  Time since last request: 6.094993 seconds.
  path: Assets/Image/tower2d1.PNG
  artifactKey: Guid(842685ef85466ee41a24ba6232d1039a) Importer(815301076,1909f56bfc062723c751e8b465ee728b)
Start importing Assets/Image/tower2d1.PNG using Guid(842685ef85466ee41a24ba6232d1039a) Importer(815301076,1909f56bfc062723c751e8b465ee728b)  -> (artifact id: '2a3ee2a5538cf758fea449b0382d2ff8') in 0.016522 seconds 
========================================================================
Received Prepare
Registering precompiled user dll's ...
Registered in 0.008375 seconds.
Begin MonoManager ReloadAssembly
Symbol file LoadedFromMemory doesn't match image C:\Users\user\Documents\unity_repos\Rebel-Robo\Library\PackageCache\com.unity.visualscripting@1.7.8\Editor\VisualScripting.Core\Dependencies\YamlDotNet\Unity.VisualScripting.YamlDotNet.dll
Symbol file LoadedFromMemory doesn't match image C:\Users\user\Documents\unity_repos\Rebel-Robo\Library\PackageCache\com.unity.visualscripting@1.7.8\Editor\VisualScripting.Core\Dependencies\DotNetZip\Unity.VisualScripting.IonicZip.dll
Native extension for WindowsStandalone target not found
Refreshing native plugins compatible for Editor in 0.85 ms, found 3 plugins.
Preloading 0 native plugins for Editor in 0.00 ms.
Mono: successfully reloaded assembly
- Completed reload, in  0.924 seconds
Domain Reload Profiling:
	ReloadAssembly (924ms)
		BeginReloadAssembly (138ms)
			ExecutionOrderSort (0ms)
			DisableScriptedObjects (4ms)
			BackupInstance (0ms)
			ReleaseScriptingObjects (0ms)
			CreateAndSetChildDomain (37ms)
		EndReloadAssembly (699ms)
			LoadAssemblies (92ms)
			RebuildTransferFunctionScriptingTraits (0ms)
			SetupTypeCache (210ms)
			ReleaseScriptCaches (1ms)
			RebuildScriptCaches (29ms)
			SetupLoadedEditorAssemblies (298ms)
				LogAssemblyErrors (0ms)
				InitializePlatformSupportModulesInManaged (10ms)
				SetLoadedEditorAssemblies (0ms)
				RefreshPlugins (1ms)
				BeforeProcessingInitializeOnLoad (68ms)
				ProcessInitializeOnLoadAttributes (183ms)
				ProcessInitializeOnLoadMethodAttributes (24ms)
				AfterProcessingInitializeOnLoad (12ms)
				EditorAssembliesLoaded (0ms)
			ExecutionOrderSort2 (0ms)
			AwakeInstancesAfterBackupRestoration (41ms)
Platform modules already initialized, skipping
Refreshing native plugins compatible for Editor in 2.31 ms, found 3 plugins.
Preloading 0 native plugins for Editor in 0.00 ms.
Unloading 4657 Unused Serialized files (Serialized files now loaded: 0)
Unloading 20 unused Assets / (79.0 KB). Loaded Objects now: 5277.
Memory consumption went from 171.5 MB to 171.4 MB.
Total: 3.112200 ms (FindLiveObjects: 0.277400 ms CreateObjectMapping: 0.167800 ms MarkObjects: 2.602500 ms  DeleteObjects: 0.063900 ms)

AssetImportParameters requested are different than current active one (requested -> active):
  custom:video-decoder-ogg-theora: a1e56fd34408186e4bbccfd4996cb3dc -> 
  custom:container-muxer-webm: aa71ff27fc2769a1b78a27578f13a17b -> 
  custom:container-demuxer-webm: 4f35f7cbe854078d1ac9338744f61a02 -> 
  custom:video-encoder-webm-vp8: eb34c28f22e8b96e1ab97ce403110664 -> 
  custom:video-codec-MediaFoundation-h265: 746d11721c4dcdbdad8f713fa42b33f4 -> 
  custom:audio-encoder-webm-vorbis: bf7c407c2cedff20999df2af8eb42d56 -> 
  custom:framework-win-MediaFoundation: 216162199b28c13a410421893ffa2e32 -> 
  custom:container-demuxer-ogg: 62fdf1f143b41e24485cea50d1cbac27 -> 
  custom:video-decoder-webm-vp8: 9c59270c3fd7afecdb556c50c9e8de78 -> 
  custom:audio-decoder-ogg-vorbis: bf7c407c2cedff20999df2af8eb42d56 -> 
