
=== Wed Jun  7 03:43:02 2023

Packages were changed.
Update Mode: updateDependencies

The following packages were updated:
  com.unity.ide.rider from version 1.2.1 to 3.0.16
  com.unity.ide.visualstudio from version 2.0.2 to 2.0.16
  com.unity.ide.vscode from version 1.2.1 to 1.2.5
  com.unity.postprocessing from version 2.3.0 to 3.2.2
  com.unity.test-framework from version 1.1.14 to 1.1.31
  com.unity.textmeshpro from version 3.0.0-preview.1 to 3.0.6
  com.unity.timeline from version 1.2.10 to 1.6.4

=== Wed Jun  7 03:43:03 2023

Packages were changed.
Update Mode: mergeDefaultDependencies

The following packages were added:
  com.unity.2d.sprite@1.0.0
  com.unity.2d.tilemap@1.0.0
  com.unity.postprocessing@3.2.2
  com.unity.progrids@3.0.3-preview.4

<<<<<<< Updated upstream
=== Sun Jun 18 15:01:41 2023
=======
=== Sun Jun 18 16:21:33 2023
>>>>>>> Stashed changes

Packages were changed.
Update Mode: mergeDefaultDependencies

The following packages were added:
  com.unity.postprocessing@3.2.2
