Base path: 'C:/Program Files/Unity 2021.3.16f1/Editor/Data', plugins path 'C:/Program Files/Unity 2021.3.16f1/Editor/Data/PlaybackEngines'
Cmd: initializeCompiler

<<<<<<< HEAD
<<<<<<< Updated upstream
<<<<<<< Updated upstream
<<<<<<< HEAD
Unhandled exception: Protocol error - failed to read magic number (error -2147483644, transferred 0/4)

Quitting shader compiler process
=======
>>>>>>> 29521d26 (-)
=======
Unhandled exception: Protocol error - failed to read magic number (error -2147483644, transferred 0/4)

Quitting shader compiler process
>>>>>>> Stashed changes
=======
Unhandled exception: Protocol error - failed to read magic number (error -2147483644, transferred 0/4)

Quitting shader compiler process
>>>>>>> Stashed changes
=======
Unhandled exception: Protocol error - failed to read magic number (error -2147483644, transferred 0/4)

Quitting shader compiler process
>>>>>>> TemporaryFileStorage
